{
  "uid" : "145249748bcbb634",
  "name" : "test_guest_cant_see_success_message_after_adding_product_to_basket",
  "fullName" : "module_5.test_product_page.TestUserAddToBasketFromProductPage#test_guest_cant_see_success_message_after_adding_product_to_basket",
  "historyId" : "6f841dc6b67eb7c654eb5be9cf7c3d6a",
  "time" : {
    "start" : 1616085840636,
    "stop" : 1616085844439,
    "duration" : 3803
  },
  "status" : "skipped",
  "statusMessage" : "XFAIL\n\nAssertionError: Success message is presented, but should not be",
  "statusTrace" : "self = <module_5.test_product_page.TestUserAddToBasketFromProductPage object at 0x7fdaa50d3c40>\nbrowser = <selenium.webdriver.chrome.webdriver.WebDriver (session=\"9523e8c703b461320c9f5cc9574905e6\")>\n\n    @pytest.mark.xfail\n    def test_guest_cant_see_success_message_after_adding_product_to_basket(self, browser):\n        link = \"http://selenium1py.pythonanywhere.com/catalogue/the-shellcoders-handbook_209/\"\n        page = ProductPage(browser, link)\n        page.open()\n        page.add_to_basket()\n>       page.should_not_be_success_message()\n\nmodule_5/test_product_page.py:83: \n_ _ _ _ _ _ _ _ _ _ _ _ _ _ _ _ _ _ _ _ _ _ _ _ _ _ _ _ _ _ _ _ _ _ _ _ _ _ _ _ _ _ _ _ _ _ _ _ _ _ _ _ _ _ _ _ _ _ _ _ _ _ _ _ _ _ _ _ _ _ _ _ _ _ _ _ _ _ _ _ _ _ _ _ _ _ _ _\n\nself = <module_5.pages.product_page.ProductPage object at 0x7fdaa50cd670>\n\n    def should_not_be_success_message(self):\n>       assert self.is_not_element_present(*ProductPageLocators.SUCCESS_MESSAGE), \\\n            \"Success message is presented, but should not be\"\nE       AssertionError: Success message is presented, but should not be\n\nmodule_5/pages/product_page.py:27: AssertionError",
  "flaky" : false,
  "newFailed" : false,
  "beforeStages" : [ {
    "name" : "browser",
    "time" : {
      "start" : 1616085831425,
      "stop" : 1616085833644,
      "duration" : 2219
    },
    "status" : "passed",
    "steps" : [ ],
    "attachments" : [ ],
    "parameters" : [ ],
    "stepsCount" : 0,
    "attachmentsCount" : 0,
    "shouldDisplayMessage" : false,
    "hasContent" : false
  }, {
    "name" : "setup",
    "time" : {
      "start" : 1616085833645,
      "stop" : 1616085840636,
      "duration" : 6991
    },
    "status" : "passed",
    "steps" : [ ],
    "attachments" : [ ],
    "parameters" : [ ],
    "stepsCount" : 0,
    "attachmentsCount" : 0,
    "shouldDisplayMessage" : false,
    "hasContent" : false
  } ],
  "testStage" : {
    "status" : "skipped",
    "statusMessage" : "XFAIL\n\nAssertionError: Success message is presented, but should not be",
    "statusTrace" : "self = <module_5.test_product_page.TestUserAddToBasketFromProductPage object at 0x7fdaa50d3c40>\nbrowser = <selenium.webdriver.chrome.webdriver.WebDriver (session=\"9523e8c703b461320c9f5cc9574905e6\")>\n\n    @pytest.mark.xfail\n    def test_guest_cant_see_success_message_after_adding_product_to_basket(self, browser):\n        link = \"http://selenium1py.pythonanywhere.com/catalogue/the-shellcoders-handbook_209/\"\n        page = ProductPage(browser, link)\n        page.open()\n        page.add_to_basket()\n>       page.should_not_be_success_message()\n\nmodule_5/test_product_page.py:83: \n_ _ _ _ _ _ _ _ _ _ _ _ _ _ _ _ _ _ _ _ _ _ _ _ _ _ _ _ _ _ _ _ _ _ _ _ _ _ _ _ _ _ _ _ _ _ _ _ _ _ _ _ _ _ _ _ _ _ _ _ _ _ _ _ _ _ _ _ _ _ _ _ _ _ _ _ _ _ _ _ _ _ _ _ _ _ _ _\n\nself = <module_5.pages.product_page.ProductPage object at 0x7fdaa50cd670>\n\n    def should_not_be_success_message(self):\n>       assert self.is_not_element_present(*ProductPageLocators.SUCCESS_MESSAGE), \\\n            \"Success message is presented, but should not be\"\nE       AssertionError: Success message is presented, but should not be\n\nmodule_5/pages/product_page.py:27: AssertionError",
    "steps" : [ ],
    "attachments" : [ {
      "uid" : "94dfa102bcc1fb29",
      "name" : "stdout",
      "source" : "94dfa102bcc1fb29.txt",
      "type" : "text/plain",
      "size" : 49
    } ],
    "parameters" : [ ],
    "stepsCount" : 0,
    "attachmentsCount" : 1,
    "shouldDisplayMessage" : true,
    "hasContent" : true
  },
  "afterStages" : [ {
    "name" : "browser::0",
    "time" : {
      "start" : 1616085844446,
      "stop" : 1616085845074,
      "duration" : 628
    },
    "status" : "passed",
    "steps" : [ ],
    "attachments" : [ ],
    "parameters" : [ ],
    "stepsCount" : 0,
    "attachmentsCount" : 0,
    "shouldDisplayMessage" : false,
    "hasContent" : false
  } ],
  "labels" : [ {
    "name" : "tag",
    "value" : "@pytest.mark.xfail"
  }, {
    "name" : "parentSuite",
    "value" : "module_5"
  }, {
    "name" : "suite",
    "value" : "test_product_page"
  }, {
    "name" : "subSuite",
    "value" : "TestUserAddToBasketFromProductPage"
  }, {
    "name" : "host",
    "value" : "Dmitrijs-MacBook-Pro.local"
  }, {
    "name" : "thread",
    "value" : "19327-MainThread"
  }, {
    "name" : "framework",
    "value" : "pytest"
  }, {
    "name" : "language",
    "value" : "cpython3"
  }, {
    "name" : "package",
    "value" : "module_5.test_product_page"
  }, {
    "name" : "resultFormat",
    "value" : "allure2"
  } ],
  "parameters" : [ ],
  "links" : [ ],
  "hidden" : false,
  "retry" : false,
  "extra" : {
    "severity" : "normal",
    "retries" : [ ],
    "categories" : [ ],
    "tags" : [ "@pytest.mark.xfail" ]
  },
  "source" : "145249748bcbb634.json",
  "parameterValues" : [ ]
}