{
  "uid" : "1594e9fc8eb59d27",
  "name" : "test_user_cant_see_success_message_after_adding_product_to_basket",
  "fullName" : "module_5.test_product_page.TestUserAddToBasketFromProductPage#test_user_cant_see_success_message_after_adding_product_to_basket",
  "historyId" : "00cfde07c43004a6dd23ccc37dd2bb22",
  "time" : {
    "start" : 1616338504468,
    "stop" : 1616338507999,
    "duration" : 3531
  },
  "status" : "skipped",
  "statusMessage" : "XFAIL\n\nAssertionError: Success message is presented, but should not be",
  "statusTrace" : "self = <module_5.test_product_page.TestUserAddToBasketFromProductPage object at 0x7f7f6b1db610>\nbrowser = <selenium.webdriver.chrome.webdriver.WebDriver (session=\"e42f93b7a48bfc95b6b2c1145be40c38\")>\n\n    @pytest.mark.xfail\n    def test_user_cant_see_success_message_after_adding_product_to_basket(self, browser):\n        link = \"http://selenium1py.pythonanywhere.com/catalogue/the-shellcoders-handbook_209/\"\n        page = ProductPage(browser, link)\n        page.open()\n        page.add_to_basket()\n>       page.should_not_be_success_message()\n\nmodule_5/test_product_page.py:83: \n_ _ _ _ _ _ _ _ _ _ _ _ _ _ _ _ _ _ _ _ _ _ _ _ _ _ _ _ _ _ _ _ _ _ _ _ _ _ _ _ _ _ _ _ _ _ _ _ _ _ _ _ _ _ _ _ _ _ _ _ _ _ _ _ _ _ _ _ _ _ _ _ _ _ _ _ _ _ _ _ _ _ _ _ _ _ _ _\n\nself = <module_5.pages.product_page.ProductPage object at 0x7f7f6b1e3700>\n\n    def should_not_be_success_message(self):\n>       assert self.is_not_element_present(*ProductPageLocators.SUCCESS_MESSAGE), \\\n            \"Success message is presented, but should not be\"\nE       AssertionError: Success message is presented, but should not be\n\nmodule_5/pages/product_page.py:27: AssertionError",
  "flaky" : false,
  "newFailed" : false,
  "beforeStages" : [ {
    "name" : "setup",
    "time" : {
      "start" : 1616338497912,
      "stop" : 1616338504467,
      "duration" : 6555
    },
    "status" : "passed",
    "steps" : [ ],
    "attachments" : [ ],
    "parameters" : [ ],
    "stepsCount" : 0,
    "attachmentsCount" : 0,
    "shouldDisplayMessage" : false,
    "hasContent" : false
  }, {
    "name" : "browser",
    "time" : {
      "start" : 1616338495686,
      "stop" : 1616338497912,
      "duration" : 2226
    },
    "status" : "passed",
    "steps" : [ ],
    "attachments" : [ ],
    "parameters" : [ ],
    "stepsCount" : 0,
    "attachmentsCount" : 0,
    "shouldDisplayMessage" : false,
    "hasContent" : false
  } ],
  "testStage" : {
    "status" : "skipped",
    "statusMessage" : "XFAIL\n\nAssertionError: Success message is presented, but should not be",
    "statusTrace" : "self = <module_5.test_product_page.TestUserAddToBasketFromProductPage object at 0x7f7f6b1db610>\nbrowser = <selenium.webdriver.chrome.webdriver.WebDriver (session=\"e42f93b7a48bfc95b6b2c1145be40c38\")>\n\n    @pytest.mark.xfail\n    def test_user_cant_see_success_message_after_adding_product_to_basket(self, browser):\n        link = \"http://selenium1py.pythonanywhere.com/catalogue/the-shellcoders-handbook_209/\"\n        page = ProductPage(browser, link)\n        page.open()\n        page.add_to_basket()\n>       page.should_not_be_success_message()\n\nmodule_5/test_product_page.py:83: \n_ _ _ _ _ _ _ _ _ _ _ _ _ _ _ _ _ _ _ _ _ _ _ _ _ _ _ _ _ _ _ _ _ _ _ _ _ _ _ _ _ _ _ _ _ _ _ _ _ _ _ _ _ _ _ _ _ _ _ _ _ _ _ _ _ _ _ _ _ _ _ _ _ _ _ _ _ _ _ _ _ _ _ _ _ _ _ _\n\nself = <module_5.pages.product_page.ProductPage object at 0x7f7f6b1e3700>\n\n    def should_not_be_success_message(self):\n>       assert self.is_not_element_present(*ProductPageLocators.SUCCESS_MESSAGE), \\\n            \"Success message is presented, but should not be\"\nE       AssertionError: Success message is presented, but should not be\n\nmodule_5/pages/product_page.py:27: AssertionError",
    "steps" : [ ],
    "attachments" : [ {
      "uid" : "5b404f2511f8578",
      "name" : "stdout",
      "source" : "5b404f2511f8578.txt",
      "type" : "text/plain",
      "size" : 49
    } ],
    "parameters" : [ ],
    "stepsCount" : 0,
    "attachmentsCount" : 1,
    "shouldDisplayMessage" : true,
    "hasContent" : true
  },
  "afterStages" : [ {
    "name" : "browser::0",
    "time" : {
      "start" : 1616338508007,
      "stop" : 1616338508594,
      "duration" : 587
    },
    "status" : "passed",
    "steps" : [ ],
    "attachments" : [ ],
    "parameters" : [ ],
    "stepsCount" : 0,
    "attachmentsCount" : 0,
    "shouldDisplayMessage" : false,
    "hasContent" : false
  } ],
  "labels" : [ {
    "name" : "tag",
    "value" : "@pytest.mark.xfail"
  }, {
    "name" : "parentSuite",
    "value" : "module_5"
  }, {
    "name" : "suite",
    "value" : "test_product_page"
  }, {
    "name" : "subSuite",
    "value" : "TestUserAddToBasketFromProductPage"
  }, {
    "name" : "host",
    "value" : "Dmitrijs-MacBook-Pro.local"
  }, {
    "name" : "thread",
    "value" : "52904-MainThread"
  }, {
    "name" : "framework",
    "value" : "pytest"
  }, {
    "name" : "language",
    "value" : "cpython3"
  }, {
    "name" : "package",
    "value" : "module_5.test_product_page"
  }, {
    "name" : "resultFormat",
    "value" : "allure2"
  } ],
  "parameters" : [ ],
  "links" : [ ],
  "hidden" : false,
  "retry" : false,
  "extra" : {
    "severity" : "normal",
    "retries" : [ ],
    "categories" : [ ],
    "tags" : [ "@pytest.mark.xfail" ]
  },
  "source" : "1594e9fc8eb59d27.json",
  "parameterValues" : [ ]
}